Command line:
   alu_isim_beh.exe
     -simmode  gui
     -simrunnum  0
     -socket  50747

Wed Dec 11 22:11:43 2019


 Elaboration Time: 0.046875 sec

 Current Memory Usage: 4694.52 Meg

 Total Signals          : 21
 Total Nets             : 71
 Total Signal Drivers   : 10
 Total Blocks           : 2
 Total Primitive Blocks : 2
 Total Processes        : 13
 Total Traceable Variables  : 42
 Total Scalar Nets and Variables : 947
Total Line Count : 245

 Total Simulation Time: 0.125 sec

 Current Memory Usage: 4694.52 Meg

Wed Dec 11 22:11:47 2019

