initial begin 
	expected_header[0] = 16'h0 ;
	expected_payload[0] = 16'h1a2; 
	expected_header[1] = 16'h0 ;
	expected_payload[1] = 16'hff; 
	expected_header[2] = 16'h0 ;
	expected_payload[2] = 16'h115; 
	expected_header[3] = 16'h0 ;
	expected_payload[3] = 16'hba; 
	expected_header[4] = 16'h0 ;
	expected_payload[4] = 16'h2d0; 
	expected_header[5] = 16'h0 ;
	expected_payload[5] = 16'h13e; 
	expected_header[6] = 16'h10 ;
	expected_payload[6] = 16'hbad; 
	expected_header[7] = 16'h10 ;
	expected_payload[7] = 16'hbad; 
	expected_header[8] = 16'h0 ;
	expected_payload[8] = 16'h25c; 
	expected_header[9] = 16'h0 ;
	expected_payload[9] = 16'h88; 
	expected_header[10] = 16'h10 ;
	expected_payload[10] = 16'hbad; 
	expected_header[11] = 16'h0 ;
	expected_payload[11] = 16'h150; 
	expected_header[12] = 16'h0 ;
	expected_payload[12] = 16'hbb; 
	expected_header[13] = 16'h0 ;
	expected_payload[13] = 16'he; 
	expected_header[14] = 16'h10 ;
	expected_payload[14] = 16'hbad; 
	expected_header[15] = 16'h10 ;
	expected_payload[15] = 16'hbad; 
	expected_header[16] = 16'h10 ;
	expected_payload[16] = 16'hbad; 
	expected_header[17] = 16'h0 ;
	expected_payload[17] = 16'hdc; 
	expected_header[18] = 16'h10 ;
	expected_payload[18] = 16'hbad; 
	expected_header[19] = 16'h0 ;
	expected_payload[19] = 16'h13f; 
	expected_header[20] = 16'h10 ;
	expected_payload[20] = 16'hbad; 
	expected_header[21] = 16'h10 ;
	expected_payload[21] = 16'hbad; 
	expected_header[22] = 16'h10 ;
	expected_payload[22] = 16'hbad; 
	expected_header[23] = 16'h10 ;
	expected_payload[23] = 16'hbad; 
	expected_header[24] = 16'h10 ;
	expected_payload[24] = 16'hbad; 
	expected_header[25] = 16'h10 ;
	expected_payload[25] = 16'hbad; 
	expected_header[26] = 16'h10 ;
	expected_payload[26] = 16'hbad; 
	expected_header[27] = 16'h0 ;
	expected_payload[27] = 16'h856; 
	expected_header[28] = 16'h10 ;
	expected_payload[28] = 16'hbad; 
	expected_header[29] = 16'h10 ;
	expected_payload[29] = 16'hbad; 
	expected_header[30] = 16'h10 ;
	expected_payload[30] = 16'hbad; 
	expected_header[31] = 16'h10 ;
	expected_payload[31] = 16'hbad; 
	expected_header[32] = 16'h10 ;
	expected_payload[32] = 16'hbad; 
	expected_header[33] = 16'h10 ;
	expected_payload[33] = 16'hbad; 
	expected_header[34] = 16'h10 ;
	expected_payload[34] = 16'hbad; 
	expected_header[35] = 16'h0 ;
	expected_payload[35] = 16'h422; 
	expected_header[36] = 16'h10 ;
	expected_payload[36] = 16'hbad; 
	expected_header[37] = 16'h10 ;
	expected_payload[37] = 16'hbad; 
	expected_header[38] = 16'h0 ;
	expected_payload[38] = 16'h25a; 
	expected_header[39] = 16'h10 ;
	expected_payload[39] = 16'hbad; 
	expected_header[40] = 16'h10 ;
	expected_payload[40] = 16'hbad; 
	expected_header[41] = 16'h0 ;
	expected_payload[41] = 16'h10d; 
	expected_header[42] = 16'h10 ;
	expected_payload[42] = 16'hbad; 
	expected_header[43] = 16'h10 ;
	expected_payload[43] = 16'hbad; 
	expected_header[44] = 16'h10 ;
	expected_payload[44] = 16'hbad; 
	expected_header[45] = 16'h10 ;
	expected_payload[45] = 16'hbad; 
	expected_header[46] = 16'h10 ;
	expected_payload[46] = 16'hbad; 
	expected_header[47] = 16'h10 ;
	expected_payload[47] = 16'hbad; 
	expected_header[48] = 16'h10 ;
	expected_payload[48] = 16'hbad; 
	expected_header[49] = 16'h0 ;
	expected_payload[49] = 16'h2ea; 
	expected_header[50] = 16'h10 ;
	expected_payload[50] = 16'hbad; 
	expected_header[51] = 16'h10 ;
	expected_payload[51] = 16'hbad; 
	expected_header[52] = 16'h0 ;
	expected_payload[52] = 16'hbe3; 
	expected_header[53] = 16'h10 ;
	expected_payload[53] = 16'hbad; 
	expected_header[54] = 16'h10 ;
	expected_payload[54] = 16'hbad; 
	expected_header[55] = 16'h10 ;
	expected_payload[55] = 16'hbad; 
	expected_header[56] = 16'h10 ;
	expected_payload[56] = 16'hbad; 
	expected_header[57] = 16'h10 ;
	expected_payload[57] = 16'hbad; 
	expected_header[58] = 16'h10 ;
	expected_payload[58] = 16'hbad; 
	expected_header[59] = 16'h10 ;
	expected_payload[59] = 16'hbad; 
	expected_header[60] = 16'h10 ;
	expected_payload[60] = 16'hbad; 
	expected_header[61] = 16'h10 ;
	expected_payload[61] = 16'hbad; 
	expected_header[62] = 16'h0 ;
	expected_payload[62] = 16'h163; 
	expected_header[63] = 16'h10 ;
	expected_payload[63] = 16'hbad; 
	expected_header[64] = 16'h0 ;
	expected_payload[64] = 16'h650; 
	expected_header[65] = 16'h10 ;
	expected_payload[65] = 16'hbad; 
	expected_header[66] = 16'h10 ;
	expected_payload[66] = 16'hbad; 
	expected_header[67] = 16'h10 ;
	expected_payload[67] = 16'hbad; 
	expected_header[68] = 16'h10 ;
	expected_payload[68] = 16'hbad; 
	expected_header[69] = 16'h10 ;
	expected_payload[69] = 16'hbad; 
	expected_header[70] = 16'h10 ;
	expected_payload[70] = 16'hbad; 
	expected_header[71] = 16'h10 ;
	expected_payload[71] = 16'hbad; 
	expected_header[72] = 16'h10 ;
	expected_payload[72] = 16'hbad; 
	expected_header[73] = 16'h10 ;
	expected_payload[73] = 16'hbad; 
	expected_header[74] = 16'h10 ;
	expected_payload[74] = 16'hbad; 
	expected_header[75] = 16'h10 ;
	expected_payload[75] = 16'hbad; 
	expected_header[76] = 16'h10 ;
	expected_payload[76] = 16'hbad; 
	expected_header[77] = 16'h10 ;
	expected_payload[77] = 16'hbad; 
	expected_header[78] = 16'h10 ;
	expected_payload[78] = 16'hbad; 
	expected_header[79] = 16'h10 ;
	expected_payload[79] = 16'hbad; 
	expected_header[80] = 16'h10 ;
	expected_payload[80] = 16'hbad; 
	expected_header[81] = 16'h10 ;
	expected_payload[81] = 16'hbad; 
	expected_header[82] = 16'h0 ;
	expected_payload[82] = 16'hd7; 
	expected_header[83] = 16'h10 ;
	expected_payload[83] = 16'hbad; 
	expected_header[84] = 16'h10 ;
	expected_payload[84] = 16'hbad; 
	expected_header[85] = 16'h10 ;
	expected_payload[85] = 16'hbad; 
	expected_header[86] = 16'h0 ;
	expected_payload[86] = 16'h9a; 
	expected_header[87] = 16'h10 ;
	expected_payload[87] = 16'hbad; 
	expected_header[88] = 16'h10 ;
	expected_payload[88] = 16'hbad; 
	expected_header[89] = 16'h10 ;
	expected_payload[89] = 16'hbad; 
	expected_header[90] = 16'h10 ;
	expected_payload[90] = 16'hbad; 
	expected_header[91] = 16'h10 ;
	expected_payload[91] = 16'hbad; 
	expected_header[92] = 16'h0 ;
	expected_payload[92] = 16'h18a; 
	expected_header[93] = 16'h10 ;
	expected_payload[93] = 16'hbad; 
	expected_header[94] = 16'h0 ;
	expected_payload[94] = 16'h237; 
	expected_header[95] = 16'h10 ;
	expected_payload[95] = 16'hbad; 
	expected_header[96] = 16'h10 ;
	expected_payload[96] = 16'hbad; 
	expected_header[97] = 16'h10 ;
	expected_payload[97] = 16'hbad; 
	expected_header[98] = 16'h10 ;
	expected_payload[98] = 16'hbad; 
	expected_header[99] = 16'h10 ;
	expected_payload[99] = 16'hbad; 
	expected_header[100] = 16'h1 ;
	expected_payload[100] = 16'h0; 
	expected_header[101] = 16'h1 ;
	expected_payload[101] = 16'h12; 
	expected_header[102] = 16'h11 ;
	expected_payload[102] = 16'hbad; 
	expected_header[103] = 16'h1 ;
	expected_payload[103] = 16'h1; 
	expected_header[104] = 16'h1 ;
	expected_payload[104] = 16'h36; 
	expected_header[105] = 16'h1 ;
	expected_payload[105] = 16'h8a; 
	expected_header[106] = 16'h11 ;
	expected_payload[106] = 16'hbad; 
	expected_header[107] = 16'h1 ;
	expected_payload[107] = 16'h98; 
	expected_header[108] = 16'h11 ;
	expected_payload[108] = 16'hbad; 
	expected_header[109] = 16'h1 ;
	expected_payload[109] = 16'h92; 
	expected_header[110] = 16'h11 ;
	expected_payload[110] = 16'hbad; 
	expected_header[111] = 16'h11 ;
	expected_payload[111] = 16'hbad; 
	expected_header[112] = 16'h11 ;
	expected_payload[112] = 16'hbad; 
	expected_header[113] = 16'h11 ;
	expected_payload[113] = 16'hbad; 
	expected_header[114] = 16'h11 ;
	expected_payload[114] = 16'hbad; 
	expected_header[115] = 16'h11 ;
	expected_payload[115] = 16'hbad; 
	expected_header[116] = 16'h1 ;
	expected_payload[116] = 16'h60; 
	expected_header[117] = 16'h11 ;
	expected_payload[117] = 16'hbad; 
	expected_header[118] = 16'h11 ;
	expected_payload[118] = 16'hbad; 
	expected_header[119] = 16'h1 ;
	expected_payload[119] = 16'h14; 
	expected_header[120] = 16'h11 ;
	expected_payload[120] = 16'hbad; 
	expected_header[121] = 16'h11 ;
	expected_payload[121] = 16'hbad; 
	expected_header[122] = 16'h1 ;
	expected_payload[122] = 16'h1; 
	expected_header[123] = 16'h11 ;
	expected_payload[123] = 16'hbad; 
	expected_header[124] = 16'h11 ;
	expected_payload[124] = 16'hbad; 
	expected_header[125] = 16'h1 ;
	expected_payload[125] = 16'h8; 
	expected_header[126] = 16'h11 ;
	expected_payload[126] = 16'hbad; 
	expected_header[127] = 16'h11 ;
	expected_payload[127] = 16'hbad; 
	expected_header[128] = 16'h11 ;
	expected_payload[128] = 16'hbad; 
	expected_header[129] = 16'h11 ;
	expected_payload[129] = 16'hbad; 
	expected_header[130] = 16'h11 ;
	expected_payload[130] = 16'hbad; 
	expected_header[131] = 16'h11 ;
	expected_payload[131] = 16'hbad; 
	expected_header[132] = 16'h11 ;
	expected_payload[132] = 16'hbad; 
	expected_header[133] = 16'h1 ;
	expected_payload[133] = 16'h0; 
	expected_header[134] = 16'h11 ;
	expected_payload[134] = 16'hbad; 
	expected_header[135] = 16'h11 ;
	expected_payload[135] = 16'hbad; 
	expected_header[136] = 16'h11 ;
	expected_payload[136] = 16'hbad; 
	expected_header[137] = 16'h11 ;
	expected_payload[137] = 16'hbad; 
	expected_header[138] = 16'h1 ;
	expected_payload[138] = 16'h10; 
	expected_header[139] = 16'h11 ;
	expected_payload[139] = 16'hbad; 
	expected_header[140] = 16'h11 ;
	expected_payload[140] = 16'hbad; 
	expected_header[141] = 16'h11 ;
	expected_payload[141] = 16'hbad; 
	expected_header[142] = 16'h11 ;
	expected_payload[142] = 16'hbad; 
	expected_header[143] = 16'h11 ;
	expected_payload[143] = 16'hbad; 
	expected_header[144] = 16'h11 ;
	expected_payload[144] = 16'hbad; 
	expected_header[145] = 16'h1 ;
	expected_payload[145] = 16'h60; 
	expected_header[146] = 16'h11 ;
	expected_payload[146] = 16'hbad; 
	expected_header[147] = 16'h11 ;
	expected_payload[147] = 16'hbad; 
	expected_header[148] = 16'h11 ;
	expected_payload[148] = 16'hbad; 
	expected_header[149] = 16'h1 ;
	expected_payload[149] = 16'h0; 
	expected_header[150] = 16'h11 ;
	expected_payload[150] = 16'hbad; 
	expected_header[151] = 16'h11 ;
	expected_payload[151] = 16'hbad; 
	expected_header[152] = 16'h11 ;
	expected_payload[152] = 16'hbad; 
	expected_header[153] = 16'h11 ;
	expected_payload[153] = 16'hbad; 
	expected_header[154] = 16'h11 ;
	expected_payload[154] = 16'hbad; 
	expected_header[155] = 16'h11 ;
	expected_payload[155] = 16'hbad; 
	expected_header[156] = 16'h11 ;
	expected_payload[156] = 16'hbad; 
	expected_header[157] = 16'h11 ;
	expected_payload[157] = 16'hbad; 
	expected_header[158] = 16'h11 ;
	expected_payload[158] = 16'hbad; 
	expected_header[159] = 16'h11 ;
	expected_payload[159] = 16'hbad; 
	expected_header[160] = 16'h11 ;
	expected_payload[160] = 16'hbad; 
	expected_header[161] = 16'h11 ;
	expected_payload[161] = 16'hbad; 
	expected_header[162] = 16'h1 ;
	expected_payload[162] = 16'h0; 
	expected_header[163] = 16'h11 ;
	expected_payload[163] = 16'hbad; 
	expected_header[164] = 16'h11 ;
	expected_payload[164] = 16'hbad; 
	expected_header[165] = 16'h1 ;
	expected_payload[165] = 16'h40; 
	expected_header[166] = 16'h11 ;
	expected_payload[166] = 16'hbad; 
	expected_header[167] = 16'h11 ;
	expected_payload[167] = 16'hbad; 
	expected_header[168] = 16'h11 ;
	expected_payload[168] = 16'hbad; 
	expected_header[169] = 16'h11 ;
	expected_payload[169] = 16'hbad; 
	expected_header[170] = 16'h11 ;
	expected_payload[170] = 16'hbad; 
	expected_header[171] = 16'h11 ;
	expected_payload[171] = 16'hbad; 
	expected_header[172] = 16'h11 ;
	expected_payload[172] = 16'hbad; 
	expected_header[173] = 16'h11 ;
	expected_payload[173] = 16'hbad; 
	expected_header[174] = 16'h11 ;
	expected_payload[174] = 16'hbad; 
	expected_header[175] = 16'h11 ;
	expected_payload[175] = 16'hbad; 
	expected_header[176] = 16'h11 ;
	expected_payload[176] = 16'hbad; 
	expected_header[177] = 16'h1 ;
	expected_payload[177] = 16'h0; 
	expected_header[178] = 16'h11 ;
	expected_payload[178] = 16'hbad; 
	expected_header[179] = 16'h11 ;
	expected_payload[179] = 16'hbad; 
	expected_header[180] = 16'h11 ;
	expected_payload[180] = 16'hbad; 
	expected_header[181] = 16'h11 ;
	expected_payload[181] = 16'hbad; 
	expected_header[182] = 16'h11 ;
	expected_payload[182] = 16'hbad; 
	expected_header[183] = 16'h11 ;
	expected_payload[183] = 16'hbad; 
	expected_header[184] = 16'h11 ;
	expected_payload[184] = 16'hbad; 
	expected_header[185] = 16'h11 ;
	expected_payload[185] = 16'hbad; 
	expected_header[186] = 16'h11 ;
	expected_payload[186] = 16'hbad; 
	expected_header[187] = 16'h11 ;
	expected_payload[187] = 16'hbad; 
	expected_header[188] = 16'h1 ;
	expected_payload[188] = 16'h1; 
	expected_header[189] = 16'h11 ;
	expected_payload[189] = 16'hbad; 
	expected_header[190] = 16'h11 ;
	expected_payload[190] = 16'hbad; 
	expected_header[191] = 16'h11 ;
	expected_payload[191] = 16'hbad; 
	expected_header[192] = 16'h11 ;
	expected_payload[192] = 16'hbad; 
	expected_header[193] = 16'h11 ;
	expected_payload[193] = 16'hbad; 
	expected_header[194] = 16'h11 ;
	expected_payload[194] = 16'hbad; 
	expected_header[195] = 16'h11 ;
	expected_payload[195] = 16'hbad; 
	expected_header[196] = 16'h11 ;
	expected_payload[196] = 16'hbad; 
	expected_header[197] = 16'h11 ;
	expected_payload[197] = 16'hbad; 
	expected_header[198] = 16'h11 ;
	expected_payload[198] = 16'hbad; 
	expected_header[199] = 16'h11 ;
	expected_payload[199] = 16'hbad; 
	expected_header[200] = 16'h2 ;
	expected_payload[200] = 16'hdf; 
	expected_header[201] = 16'h2 ;
	expected_payload[201] = 16'hff; 
	expected_header[202] = 16'h12 ;
	expected_payload[202] = 16'hbad; 
	expected_header[203] = 16'h2 ;
	expected_payload[203] = 16'he7; 
	expected_header[204] = 16'h2 ;
	expected_payload[204] = 16'h8c; 
	expected_header[205] = 16'h2 ;
	expected_payload[205] = 16'hf7; 
	expected_header[206] = 16'h2 ;
	expected_payload[206] = 16'hee; 
	expected_header[207] = 16'h2 ;
	expected_payload[207] = 16'hef; 
	expected_header[208] = 16'h2 ;
	expected_payload[208] = 16'h92; 
	expected_header[209] = 16'h2 ;
	expected_payload[209] = 16'hff; 
	expected_header[210] = 16'h12 ;
	expected_payload[210] = 16'hbad; 
	expected_header[211] = 16'h2 ;
	expected_payload[211] = 16'h9f; 
	expected_header[212] = 16'h12 ;
	expected_payload[212] = 16'hbad; 
	expected_header[213] = 16'h2 ;
	expected_payload[213] = 16'hf; 
	expected_header[214] = 16'h12 ;
	expected_payload[214] = 16'hbad; 
	expected_header[215] = 16'h12 ;
	expected_payload[215] = 16'hbad; 
	expected_header[216] = 16'h12 ;
	expected_payload[216] = 16'hbad; 
	expected_header[217] = 16'h12 ;
	expected_payload[217] = 16'hbad; 
	expected_header[218] = 16'h2 ;
	expected_payload[218] = 16'h9b; 
	expected_header[219] = 16'h2 ;
	expected_payload[219] = 16'hfe; 
	expected_header[220] = 16'h2 ;
	expected_payload[220] = 16'hff; 
	expected_header[221] = 16'h12 ;
	expected_payload[221] = 16'hbad; 
	expected_header[222] = 16'h12 ;
	expected_payload[222] = 16'hbad; 
	expected_header[223] = 16'h12 ;
	expected_payload[223] = 16'hbad; 
	expected_header[224] = 16'h12 ;
	expected_payload[224] = 16'hbad; 
	expected_header[225] = 16'h2 ;
	expected_payload[225] = 16'hff; 
	expected_header[226] = 16'h12 ;
	expected_payload[226] = 16'hbad; 
	expected_header[227] = 16'h12 ;
	expected_payload[227] = 16'hbad; 
	expected_header[228] = 16'h12 ;
	expected_payload[228] = 16'hbad; 
	expected_header[229] = 16'h12 ;
	expected_payload[229] = 16'hbad; 
	expected_header[230] = 16'h2 ;
	expected_payload[230] = 16'hff; 
	expected_header[231] = 16'h12 ;
	expected_payload[231] = 16'hbad; 
	expected_header[232] = 16'h12 ;
	expected_payload[232] = 16'hbad; 
	expected_header[233] = 16'h12 ;
	expected_payload[233] = 16'hbad; 
	expected_header[234] = 16'h12 ;
	expected_payload[234] = 16'hbad; 
	expected_header[235] = 16'h12 ;
	expected_payload[235] = 16'hbad; 
	expected_header[236] = 16'h12 ;
	expected_payload[236] = 16'hbad; 
	expected_header[237] = 16'h12 ;
	expected_payload[237] = 16'hbad; 
	expected_header[238] = 16'h12 ;
	expected_payload[238] = 16'hbad; 
	expected_header[239] = 16'h12 ;
	expected_payload[239] = 16'hbad; 
	expected_header[240] = 16'h12 ;
	expected_payload[240] = 16'hbad; 
	expected_header[241] = 16'h12 ;
	expected_payload[241] = 16'hbad; 
	expected_header[242] = 16'h12 ;
	expected_payload[242] = 16'hbad; 
	expected_header[243] = 16'h12 ;
	expected_payload[243] = 16'hbad; 
	expected_header[244] = 16'h12 ;
	expected_payload[244] = 16'hbad; 
	expected_header[245] = 16'h12 ;
	expected_payload[245] = 16'hbad; 
	expected_header[246] = 16'h12 ;
	expected_payload[246] = 16'hbad; 
	expected_header[247] = 16'h12 ;
	expected_payload[247] = 16'hbad; 
	expected_header[248] = 16'h12 ;
	expected_payload[248] = 16'hbad; 
	expected_header[249] = 16'h2 ;
	expected_payload[249] = 16'hff; 
	expected_header[250] = 16'h2 ;
	expected_payload[250] = 16'hff; 
	expected_header[251] = 16'h12 ;
	expected_payload[251] = 16'hbad; 
	expected_header[252] = 16'h2 ;
	expected_payload[252] = 16'hff; 
	expected_header[253] = 16'h12 ;
	expected_payload[253] = 16'hbad; 
	expected_header[254] = 16'h12 ;
	expected_payload[254] = 16'hbad; 
	expected_header[255] = 16'h12 ;
	expected_payload[255] = 16'hbad; 
	expected_header[256] = 16'h12 ;
	expected_payload[256] = 16'hbad; 
	expected_header[257] = 16'h12 ;
	expected_payload[257] = 16'hbad; 
	expected_header[258] = 16'h2 ;
	expected_payload[258] = 16'hb7; 
	expected_header[259] = 16'h12 ;
	expected_payload[259] = 16'hbad; 
	expected_header[260] = 16'h12 ;
	expected_payload[260] = 16'hbad; 
	expected_header[261] = 16'h2 ;
	expected_payload[261] = 16'hff; 
	expected_header[262] = 16'h12 ;
	expected_payload[262] = 16'hbad; 
	expected_header[263] = 16'h12 ;
	expected_payload[263] = 16'hbad; 
	expected_header[264] = 16'h12 ;
	expected_payload[264] = 16'hbad; 
	expected_header[265] = 16'h12 ;
	expected_payload[265] = 16'hbad; 
	expected_header[266] = 16'h12 ;
	expected_payload[266] = 16'hbad; 
	expected_header[267] = 16'h12 ;
	expected_payload[267] = 16'hbad; 
	expected_header[268] = 16'h12 ;
	expected_payload[268] = 16'hbad; 
	expected_header[269] = 16'h12 ;
	expected_payload[269] = 16'hbad; 
	expected_header[270] = 16'h12 ;
	expected_payload[270] = 16'hbad; 
	expected_header[271] = 16'h12 ;
	expected_payload[271] = 16'hbad; 
	expected_header[272] = 16'h12 ;
	expected_payload[272] = 16'hbad; 
	expected_header[273] = 16'h12 ;
	expected_payload[273] = 16'hbad; 
	expected_header[274] = 16'h12 ;
	expected_payload[274] = 16'hbad; 
	expected_header[275] = 16'h2 ;
	expected_payload[275] = 16'hff; 
	expected_header[276] = 16'h12 ;
	expected_payload[276] = 16'hbad; 
	expected_header[277] = 16'h12 ;
	expected_payload[277] = 16'hbad; 
	expected_header[278] = 16'h2 ;
	expected_payload[278] = 16'hff; 
	expected_header[279] = 16'h12 ;
	expected_payload[279] = 16'hbad; 
	expected_header[280] = 16'h12 ;
	expected_payload[280] = 16'hbad; 
	expected_header[281] = 16'h12 ;
	expected_payload[281] = 16'hbad; 
	expected_header[282] = 16'h12 ;
	expected_payload[282] = 16'hbad; 
	expected_header[283] = 16'h12 ;
	expected_payload[283] = 16'hbad; 
	expected_header[284] = 16'h12 ;
	expected_payload[284] = 16'hbad; 
	expected_header[285] = 16'h12 ;
	expected_payload[285] = 16'hbad; 
	expected_header[286] = 16'h12 ;
	expected_payload[286] = 16'hbad; 
	expected_header[287] = 16'h12 ;
	expected_payload[287] = 16'hbad; 
	expected_header[288] = 16'h12 ;
	expected_payload[288] = 16'hbad; 
	expected_header[289] = 16'h12 ;
	expected_payload[289] = 16'hbad; 
	expected_header[290] = 16'h12 ;
	expected_payload[290] = 16'hbad; 
	expected_header[291] = 16'h12 ;
	expected_payload[291] = 16'hbad; 
	expected_header[292] = 16'h12 ;
	expected_payload[292] = 16'hbad; 
	expected_header[293] = 16'h12 ;
	expected_payload[293] = 16'hbad; 
	expected_header[294] = 16'h2 ;
	expected_payload[294] = 16'h5; 
	expected_header[295] = 16'h12 ;
	expected_payload[295] = 16'hbad; 
	expected_header[296] = 16'h12 ;
	expected_payload[296] = 16'hbad; 
	expected_header[297] = 16'h12 ;
	expected_payload[297] = 16'hbad; 
	expected_header[298] = 16'h12 ;
	expected_payload[298] = 16'hbad; 
	expected_header[299] = 16'h12 ;
	expected_payload[299] = 16'hbad; 
	expected_header[300] = 16'h3 ;
	expected_payload[300] = 16'h75; 
	expected_header[301] = 16'h13 ;
	expected_payload[301] = 16'hbad; 
	expected_header[302] = 16'h3 ;
	expected_payload[302] = 16'h82; 
	expected_header[303] = 16'h13 ;
	expected_payload[303] = 16'hbad; 
	expected_header[304] = 16'h3 ;
	expected_payload[304] = 16'hac; 
	expected_header[305] = 16'h3 ;
	expected_payload[305] = 16'hba; 
	expected_header[306] = 16'h3 ;
	expected_payload[306] = 16'he7; 
	expected_header[307] = 16'h3 ;
	expected_payload[307] = 16'hd8; 
	expected_header[308] = 16'h3 ;
	expected_payload[308] = 16'hfe; 
	expected_header[309] = 16'h13 ;
	expected_payload[309] = 16'hbad; 
	expected_header[310] = 16'h3 ;
	expected_payload[310] = 16'he9; 
	expected_header[311] = 16'h13 ;
	expected_payload[311] = 16'hbad; 
	expected_header[312] = 16'h13 ;
	expected_payload[312] = 16'hbad; 
	expected_header[313] = 16'h3 ;
	expected_payload[313] = 16'h9b; 
	expected_header[314] = 16'h3 ;
	expected_payload[314] = 16'hd2; 
	expected_header[315] = 16'h13 ;
	expected_payload[315] = 16'hbad; 
	expected_header[316] = 16'h13 ;
	expected_payload[316] = 16'hbad; 
	expected_header[317] = 16'h13 ;
	expected_payload[317] = 16'hbad; 
	expected_header[318] = 16'h3 ;
	expected_payload[318] = 16'h2a; 
	expected_header[319] = 16'h3 ;
	expected_payload[319] = 16'h11; 
	expected_header[320] = 16'h13 ;
	expected_payload[320] = 16'hbad; 
	expected_header[321] = 16'h13 ;
	expected_payload[321] = 16'hbad; 
	expected_header[322] = 16'h13 ;
	expected_payload[322] = 16'hbad; 
	expected_header[323] = 16'h13 ;
	expected_payload[323] = 16'hbad; 
	expected_header[324] = 16'h13 ;
	expected_payload[324] = 16'hbad; 
	expected_header[325] = 16'h13 ;
	expected_payload[325] = 16'hbad; 
	expected_header[326] = 16'h13 ;
	expected_payload[326] = 16'hbad; 
	expected_header[327] = 16'h13 ;
	expected_payload[327] = 16'hbad; 
	expected_header[328] = 16'h13 ;
	expected_payload[328] = 16'hbad; 
	expected_header[329] = 16'h13 ;
	expected_payload[329] = 16'hbad; 
	expected_header[330] = 16'h13 ;
	expected_payload[330] = 16'hbad; 
	expected_header[331] = 16'h13 ;
	expected_payload[331] = 16'hbad; 
	expected_header[332] = 16'h13 ;
	expected_payload[332] = 16'hbad; 
	expected_header[333] = 16'h13 ;
	expected_payload[333] = 16'hbad; 
	expected_header[334] = 16'h13 ;
	expected_payload[334] = 16'hbad; 
	expected_header[335] = 16'h13 ;
	expected_payload[335] = 16'hbad; 
	expected_header[336] = 16'h13 ;
	expected_payload[336] = 16'hbad; 
	expected_header[337] = 16'h13 ;
	expected_payload[337] = 16'hbad; 
	expected_header[338] = 16'h13 ;
	expected_payload[338] = 16'hbad; 
	expected_header[339] = 16'h3 ;
	expected_payload[339] = 16'h3c; 
	expected_header[340] = 16'h13 ;
	expected_payload[340] = 16'hbad; 
	expected_header[341] = 16'h3 ;
	expected_payload[341] = 16'h13; 
	expected_header[342] = 16'h13 ;
	expected_payload[342] = 16'hbad; 
	expected_header[343] = 16'h13 ;
	expected_payload[343] = 16'hbad; 
	expected_header[344] = 16'h13 ;
	expected_payload[344] = 16'hbad; 
	expected_header[345] = 16'h3 ;
	expected_payload[345] = 16'hd4; 
	expected_header[346] = 16'h13 ;
	expected_payload[346] = 16'hbad; 
	expected_header[347] = 16'h13 ;
	expected_payload[347] = 16'hbad; 
	expected_header[348] = 16'h13 ;
	expected_payload[348] = 16'hbad; 
	expected_header[349] = 16'h13 ;
	expected_payload[349] = 16'hbad; 
	expected_header[350] = 16'h3 ;
	expected_payload[350] = 16'h32; 
	expected_header[351] = 16'h13 ;
	expected_payload[351] = 16'hbad; 
	expected_header[352] = 16'h3 ;
	expected_payload[352] = 16'hcb; 
	expected_header[353] = 16'h13 ;
	expected_payload[353] = 16'hbad; 
	expected_header[354] = 16'h13 ;
	expected_payload[354] = 16'hbad; 
	expected_header[355] = 16'h13 ;
	expected_payload[355] = 16'hbad; 
	expected_header[356] = 16'h13 ;
	expected_payload[356] = 16'hbad; 
	expected_header[357] = 16'h13 ;
	expected_payload[357] = 16'hbad; 
	expected_header[358] = 16'h13 ;
	expected_payload[358] = 16'hbad; 
	expected_header[359] = 16'h13 ;
	expected_payload[359] = 16'hbad; 
	expected_header[360] = 16'h13 ;
	expected_payload[360] = 16'hbad; 
	expected_header[361] = 16'h13 ;
	expected_payload[361] = 16'hbad; 
	expected_header[362] = 16'h13 ;
	expected_payload[362] = 16'hbad; 
	expected_header[363] = 16'h3 ;
	expected_payload[363] = 16'h42; 
	expected_header[364] = 16'h13 ;
	expected_payload[364] = 16'hbad; 
	expected_header[365] = 16'h13 ;
	expected_payload[365] = 16'hbad; 
	expected_header[366] = 16'h3 ;
	expected_payload[366] = 16'hb5; 
	expected_header[367] = 16'h13 ;
	expected_payload[367] = 16'hbad; 
	expected_header[368] = 16'h3 ;
	expected_payload[368] = 16'hbb; 
	expected_header[369] = 16'h13 ;
	expected_payload[369] = 16'hbad; 
	expected_header[370] = 16'h13 ;
	expected_payload[370] = 16'hbad; 
	expected_header[371] = 16'h13 ;
	expected_payload[371] = 16'hbad; 
	expected_header[372] = 16'h13 ;
	expected_payload[372] = 16'hbad; 
	expected_header[373] = 16'h13 ;
	expected_payload[373] = 16'hbad; 
	expected_header[374] = 16'h13 ;
	expected_payload[374] = 16'hbad; 
	expected_header[375] = 16'h13 ;
	expected_payload[375] = 16'hbad; 
	expected_header[376] = 16'h13 ;
	expected_payload[376] = 16'hbad; 
	expected_header[377] = 16'h13 ;
	expected_payload[377] = 16'hbad; 
	expected_header[378] = 16'h13 ;
	expected_payload[378] = 16'hbad; 
	expected_header[379] = 16'h3 ;
	expected_payload[379] = 16'hbe; 
	expected_header[380] = 16'h13 ;
	expected_payload[380] = 16'hbad; 
	expected_header[381] = 16'h13 ;
	expected_payload[381] = 16'hbad; 
	expected_header[382] = 16'h13 ;
	expected_payload[382] = 16'hbad; 
	expected_header[383] = 16'h13 ;
	expected_payload[383] = 16'hbad; 
	expected_header[384] = 16'h13 ;
	expected_payload[384] = 16'hbad; 
	expected_header[385] = 16'h13 ;
	expected_payload[385] = 16'hbad; 
	expected_header[386] = 16'h3 ;
	expected_payload[386] = 16'h94; 
	expected_header[387] = 16'h13 ;
	expected_payload[387] = 16'hbad; 
	expected_header[388] = 16'h3 ;
	expected_payload[388] = 16'h23; 
	expected_header[389] = 16'h13 ;
	expected_payload[389] = 16'hbad; 
	expected_header[390] = 16'h13 ;
	expected_payload[390] = 16'hbad; 
	expected_header[391] = 16'h3 ;
	expected_payload[391] = 16'h9e; 
	expected_header[392] = 16'h13 ;
	expected_payload[392] = 16'hbad; 
	expected_header[393] = 16'h13 ;
	expected_payload[393] = 16'hbad; 
	expected_header[394] = 16'h3 ;
	expected_payload[394] = 16'h69; 
	expected_header[395] = 16'h13 ;
	expected_payload[395] = 16'hbad; 
	expected_header[396] = 16'h13 ;
	expected_payload[396] = 16'hbad; 
	expected_header[397] = 16'h13 ;
	expected_payload[397] = 16'hbad; 
	expected_header[398] = 16'h13 ;
	expected_payload[398] = 16'hbad; 
	expected_header[399] = 16'h13 ;
	expected_payload[399] = 16'hbad; 
	expected_header[400] = 16'h4 ;
	expected_payload[400] = 16'h29; 
	expected_header[401] = 16'h4 ;
	expected_payload[401] = 16'h28; 
	expected_header[402] = 16'h4 ;
	expected_payload[402] = 16'h37; 
	expected_header[403] = 16'h4 ;
	expected_payload[403] = 16'hcd; 
	expected_header[404] = 16'h4 ;
	expected_payload[404] = 16'h76; 
	expected_header[405] = 16'h4 ;
	expected_payload[405] = 16'hd; 
	expected_header[406] = 16'h4 ;
	expected_payload[406] = 16'h6b; 
	expected_header[407] = 16'h4 ;
	expected_payload[407] = 16'hed; 
	expected_header[408] = 16'h14 ;
	expected_payload[408] = 16'hbad; 
	expected_header[409] = 16'h14 ;
	expected_payload[409] = 16'hbad; 
	expected_header[410] = 16'h14 ;
	expected_payload[410] = 16'hbad; 
	expected_header[411] = 16'h4 ;
	expected_payload[411] = 16'h70; 
	expected_header[412] = 16'h4 ;
	expected_payload[412] = 16'h4c; 
	expected_header[413] = 16'h4 ;
	expected_payload[413] = 16'h8b; 
	expected_header[414] = 16'h4 ;
	expected_payload[414] = 16'hd; 
	expected_header[415] = 16'h4 ;
	expected_payload[415] = 16'ha1; 
	expected_header[416] = 16'h4 ;
	expected_payload[416] = 16'h61; 
	expected_header[417] = 16'h4 ;
	expected_payload[417] = 16'h5e; 
	expected_header[418] = 16'h4 ;
	expected_payload[418] = 16'hcd; 
	expected_header[419] = 16'h14 ;
	expected_payload[419] = 16'hbad; 
	expected_header[420] = 16'h4 ;
	expected_payload[420] = 16'h50; 
	expected_header[421] = 16'h4 ;
	expected_payload[421] = 16'he0; 
	expected_header[422] = 16'h4 ;
	expected_payload[422] = 16'hc3; 
	expected_header[423] = 16'h4 ;
	expected_payload[423] = 16'he4; 
	expected_header[424] = 16'h4 ;
	expected_payload[424] = 16'h73; 
	expected_header[425] = 16'h4 ;
	expected_payload[425] = 16'hd; 
	expected_header[426] = 16'h4 ;
	expected_payload[426] = 16'h28; 
	expected_header[427] = 16'h4 ;
	expected_payload[427] = 16'h67; 
	expected_header[428] = 16'h4 ;
	expected_payload[428] = 16'he6; 
	expected_header[429] = 16'h4 ;
	expected_payload[429] = 16'h6e; 
	expected_header[430] = 16'h4 ;
	expected_payload[430] = 16'h8a; 
	expected_header[431] = 16'h4 ;
	expected_payload[431] = 16'hbe; 
	expected_header[432] = 16'h4 ;
	expected_payload[432] = 16'hb8; 
	expected_header[433] = 16'h4 ;
	expected_payload[433] = 16'h78; 
	expected_header[434] = 16'h4 ;
	expected_payload[434] = 16'h6; 
	expected_header[435] = 16'h4 ;
	expected_payload[435] = 16'had; 
	expected_header[436] = 16'h4 ;
	expected_payload[436] = 16'hbe; 
	expected_header[437] = 16'h4 ;
	expected_payload[437] = 16'h82; 
	expected_header[438] = 16'h4 ;
	expected_payload[438] = 16'h9c; 
	expected_header[439] = 16'h4 ;
	expected_payload[439] = 16'h66; 
	expected_header[440] = 16'h14 ;
	expected_payload[440] = 16'hbad; 
	expected_header[441] = 16'h4 ;
	expected_payload[441] = 16'ha4; 
	expected_header[442] = 16'h4 ;
	expected_payload[442] = 16'hdf; 
	expected_header[443] = 16'h4 ;
	expected_payload[443] = 16'h10; 
	expected_header[444] = 16'h4 ;
	expected_payload[444] = 16'h9f; 
	expected_header[445] = 16'h4 ;
	expected_payload[445] = 16'h85; 
	expected_header[446] = 16'h4 ;
	expected_payload[446] = 16'h67; 
	expected_header[447] = 16'h4 ;
	expected_payload[447] = 16'h39; 
	expected_header[448] = 16'h4 ;
	expected_payload[448] = 16'h2b; 
	expected_header[449] = 16'h4 ;
	expected_payload[449] = 16'h51; 
	expected_header[450] = 16'h14 ;
	expected_payload[450] = 16'hbad; 
	expected_header[451] = 16'h14 ;
	expected_payload[451] = 16'hbad; 
	expected_header[452] = 16'h4 ;
	expected_payload[452] = 16'h7c; 
	expected_header[453] = 16'h4 ;
	expected_payload[453] = 16'h9b; 
	expected_header[454] = 16'h4 ;
	expected_payload[454] = 16'hbd; 
	expected_header[455] = 16'h4 ;
	expected_payload[455] = 16'h4b; 
	expected_header[456] = 16'h4 ;
	expected_payload[456] = 16'h6; 
	expected_header[457] = 16'h4 ;
	expected_payload[457] = 16'hfa; 
	expected_header[458] = 16'h14 ;
	expected_payload[458] = 16'hbad; 
	expected_header[459] = 16'h4 ;
	expected_payload[459] = 16'he2; 
	expected_header[460] = 16'h4 ;
	expected_payload[460] = 16'h76; 
	expected_header[461] = 16'h14 ;
	expected_payload[461] = 16'hbad; 
	expected_header[462] = 16'h4 ;
	expected_payload[462] = 16'h96; 
	expected_header[463] = 16'h14 ;
	expected_payload[463] = 16'hbad; 
	expected_header[464] = 16'h4 ;
	expected_payload[464] = 16'he7; 
	expected_header[465] = 16'h4 ;
	expected_payload[465] = 16'hf0; 
	expected_header[466] = 16'h4 ;
	expected_payload[466] = 16'ha2; 
	expected_header[467] = 16'h14 ;
	expected_payload[467] = 16'hbad; 
	expected_header[468] = 16'h4 ;
	expected_payload[468] = 16'h39; 
	expected_header[469] = 16'h14 ;
	expected_payload[469] = 16'hbad; 
	expected_header[470] = 16'h4 ;
	expected_payload[470] = 16'h5f; 
	expected_header[471] = 16'h4 ;
	expected_payload[471] = 16'hf8; 
	expected_header[472] = 16'h4 ;
	expected_payload[472] = 16'h7; 
	expected_header[473] = 16'h4 ;
	expected_payload[473] = 16'h6c; 
	expected_header[474] = 16'h4 ;
	expected_payload[474] = 16'h35; 
	expected_header[475] = 16'h4 ;
	expected_payload[475] = 16'hea; 
	expected_header[476] = 16'h4 ;
	expected_payload[476] = 16'h68; 
	expected_header[477] = 16'h4 ;
	expected_payload[477] = 16'hbb; 
	expected_header[478] = 16'h4 ;
	expected_payload[478] = 16'h3c; 
	expected_header[479] = 16'h4 ;
	expected_payload[479] = 16'h3; 
	expected_header[480] = 16'h4 ;
	expected_payload[480] = 16'h61; 
	expected_header[481] = 16'h4 ;
	expected_payload[481] = 16'hb9; 
	expected_header[482] = 16'h4 ;
	expected_payload[482] = 16'hda; 
	expected_header[483] = 16'h4 ;
	expected_payload[483] = 16'h42; 
	expected_header[484] = 16'h4 ;
	expected_payload[484] = 16'hee; 
	expected_header[485] = 16'h4 ;
	expected_payload[485] = 16'h86; 
	expected_header[486] = 16'h4 ;
	expected_payload[486] = 16'h82; 
	expected_header[487] = 16'h4 ;
	expected_payload[487] = 16'h65; 
	expected_header[488] = 16'h4 ;
	expected_payload[488] = 16'h5; 
	expected_header[489] = 16'h4 ;
	expected_payload[489] = 16'hbc; 
	expected_header[490] = 16'h4 ;
	expected_payload[490] = 16'hc8; 
	expected_header[491] = 16'h4 ;
	expected_payload[491] = 16'h17; 
	expected_header[492] = 16'h4 ;
	expected_payload[492] = 16'h38; 
	expected_header[493] = 16'h4 ;
	expected_payload[493] = 16'h10; 
	expected_header[494] = 16'h4 ;
	expected_payload[494] = 16'h4c; 
	expected_header[495] = 16'h4 ;
	expected_payload[495] = 16'hb1; 
	expected_header[496] = 16'h4 ;
	expected_payload[496] = 16'h19; 
	expected_header[497] = 16'h14 ;
	expected_payload[497] = 16'hbad; 
	expected_header[498] = 16'h4 ;
	expected_payload[498] = 16'h4b; 
	expected_header[499] = 16'h4 ;
	expected_payload[499] = 16'hd3; 
	expected_header[500] = 16'h5 ;
	expected_payload[500] = 16'h33; 
	expected_header[501] = 16'h5 ;
	expected_payload[501] = 16'hbf; 
	expected_header[502] = 16'h5 ;
	expected_payload[502] = 16'ha1; 
	expected_header[503] = 16'h5 ;
	expected_payload[503] = 16'h66; 
	expected_header[504] = 16'h5 ;
	expected_payload[504] = 16'hbc; 
	expected_header[505] = 16'h5 ;
	expected_payload[505] = 16'hd1; 
	expected_header[506] = 16'h5 ;
	expected_payload[506] = 16'he6; 
	expected_header[507] = 16'h5 ;
	expected_payload[507] = 16'h6b; 
	expected_header[508] = 16'h15 ;
	expected_payload[508] = 16'hbad; 
	expected_header[509] = 16'h5 ;
	expected_payload[509] = 16'hca; 
	expected_header[510] = 16'h5 ;
	expected_payload[510] = 16'ha2; 
	expected_header[511] = 16'h15 ;
	expected_payload[511] = 16'hbad; 
	expected_header[512] = 16'h5 ;
	expected_payload[512] = 16'he6; 
	expected_header[513] = 16'h5 ;
	expected_payload[513] = 16'h77; 
	expected_header[514] = 16'h5 ;
	expected_payload[514] = 16'hc7; 
	expected_header[515] = 16'h15 ;
	expected_payload[515] = 16'hbad; 
	expected_header[516] = 16'h5 ;
	expected_payload[516] = 16'hb5; 
	expected_header[517] = 16'h5 ;
	expected_payload[517] = 16'h5f; 
	expected_header[518] = 16'h5 ;
	expected_payload[518] = 16'h32; 
	expected_header[519] = 16'h5 ;
	expected_payload[519] = 16'h8e; 
	expected_header[520] = 16'h5 ;
	expected_payload[520] = 16'h2a; 
	expected_header[521] = 16'h5 ;
	expected_payload[521] = 16'he6; 
	expected_header[522] = 16'h15 ;
	expected_payload[522] = 16'hbad; 
	expected_header[523] = 16'h5 ;
	expected_payload[523] = 16'h74; 
	expected_header[524] = 16'h5 ;
	expected_payload[524] = 16'h2; 
	expected_header[525] = 16'h5 ;
	expected_payload[525] = 16'hfc; 
	expected_header[526] = 16'h5 ;
	expected_payload[526] = 16'h2a; 
	expected_header[527] = 16'h5 ;
	expected_payload[527] = 16'h5f; 
	expected_header[528] = 16'h5 ;
	expected_payload[528] = 16'ha9; 
	expected_header[529] = 16'h5 ;
	expected_payload[529] = 16'h70; 
	expected_header[530] = 16'h5 ;
	expected_payload[530] = 16'h82; 
	expected_header[531] = 16'h5 ;
	expected_payload[531] = 16'h11; 
	expected_header[532] = 16'h5 ;
	expected_payload[532] = 16'hf8; 
	expected_header[533] = 16'h5 ;
	expected_payload[533] = 16'h60; 
	expected_header[534] = 16'h5 ;
	expected_payload[534] = 16'h26; 
	expected_header[535] = 16'h5 ;
	expected_payload[535] = 16'hb3; 
	expected_header[536] = 16'h5 ;
	expected_payload[536] = 16'h4b; 
	expected_header[537] = 16'h5 ;
	expected_payload[537] = 16'h74; 
	expected_header[538] = 16'h5 ;
	expected_payload[538] = 16'hed; 
	expected_header[539] = 16'h5 ;
	expected_payload[539] = 16'haa; 
	expected_header[540] = 16'h5 ;
	expected_payload[540] = 16'h66; 
	expected_header[541] = 16'h5 ;
	expected_payload[541] = 16'hcd; 
	expected_header[542] = 16'h5 ;
	expected_payload[542] = 16'h49; 
	expected_header[543] = 16'h5 ;
	expected_payload[543] = 16'h91; 
	expected_header[544] = 16'h5 ;
	expected_payload[544] = 16'h9; 
	expected_header[545] = 16'h5 ;
	expected_payload[545] = 16'h35; 
	expected_header[546] = 16'h5 ;
	expected_payload[546] = 16'h59; 
	expected_header[547] = 16'h5 ;
	expected_payload[547] = 16'hb5; 
	expected_header[548] = 16'h5 ;
	expected_payload[548] = 16'hf8; 
	expected_header[549] = 16'h5 ;
	expected_payload[549] = 16'h6c; 
	expected_header[550] = 16'h5 ;
	expected_payload[550] = 16'h9f; 
	expected_header[551] = 16'h5 ;
	expected_payload[551] = 16'h2f; 
	expected_header[552] = 16'h5 ;
	expected_payload[552] = 16'h5f; 
	expected_header[553] = 16'h5 ;
	expected_payload[553] = 16'h39; 
	expected_header[554] = 16'h5 ;
	expected_payload[554] = 16'ha9; 
	expected_header[555] = 16'h5 ;
	expected_payload[555] = 16'h20; 
	expected_header[556] = 16'h5 ;
	expected_payload[556] = 16'hea; 
	expected_header[557] = 16'h5 ;
	expected_payload[557] = 16'h6d; 
	expected_header[558] = 16'h5 ;
	expected_payload[558] = 16'hf4; 
	expected_header[559] = 16'h5 ;
	expected_payload[559] = 16'h13; 
	expected_header[560] = 16'h5 ;
	expected_payload[560] = 16'hf0; 
	expected_header[561] = 16'h15 ;
	expected_payload[561] = 16'hbad; 
	expected_header[562] = 16'h5 ;
	expected_payload[562] = 16'h45; 
	expected_header[563] = 16'h5 ;
	expected_payload[563] = 16'h3b; 
	expected_header[564] = 16'h5 ;
	expected_payload[564] = 16'h6b; 
	expected_header[565] = 16'h5 ;
	expected_payload[565] = 16'h9c; 
	expected_header[566] = 16'h5 ;
	expected_payload[566] = 16'h38; 
	expected_header[567] = 16'h5 ;
	expected_payload[567] = 16'h3e; 
	expected_header[568] = 16'h5 ;
	expected_payload[568] = 16'h5b; 
	expected_header[569] = 16'h5 ;
	expected_payload[569] = 16'hbc; 
	expected_header[570] = 16'h5 ;
	expected_payload[570] = 16'h81; 
	expected_header[571] = 16'h5 ;
	expected_payload[571] = 16'hfa; 
	expected_header[572] = 16'h5 ;
	expected_payload[572] = 16'h34; 
	expected_header[573] = 16'h5 ;
	expected_payload[573] = 16'he7; 
	expected_header[574] = 16'h5 ;
	expected_payload[574] = 16'hbd; 
	expected_header[575] = 16'h5 ;
	expected_payload[575] = 16'h2a; 
	expected_header[576] = 16'h15 ;
	expected_payload[576] = 16'hbad; 
	expected_header[577] = 16'h5 ;
	expected_payload[577] = 16'h74; 
	expected_header[578] = 16'h5 ;
	expected_payload[578] = 16'h90; 
	expected_header[579] = 16'h5 ;
	expected_payload[579] = 16'h32; 
	expected_header[580] = 16'h5 ;
	expected_payload[580] = 16'hb2; 
	expected_header[581] = 16'h5 ;
	expected_payload[581] = 16'h65; 
	expected_header[582] = 16'h5 ;
	expected_payload[582] = 16'h74; 
	expected_header[583] = 16'h15 ;
	expected_payload[583] = 16'hbad; 
	expected_header[584] = 16'h15 ;
	expected_payload[584] = 16'hbad; 
	expected_header[585] = 16'h5 ;
	expected_payload[585] = 16'h6a; 
	expected_header[586] = 16'h5 ;
	expected_payload[586] = 16'h8e; 
	expected_header[587] = 16'h5 ;
	expected_payload[587] = 16'hcd; 
	expected_header[588] = 16'h5 ;
	expected_payload[588] = 16'h94; 
	expected_header[589] = 16'h5 ;
	expected_payload[589] = 16'hd6; 
	expected_header[590] = 16'h5 ;
	expected_payload[590] = 16'ha6; 
	expected_header[591] = 16'h15 ;
	expected_payload[591] = 16'hbad; 
	expected_header[592] = 16'h5 ;
	expected_payload[592] = 16'hfa; 
	expected_header[593] = 16'h5 ;
	expected_payload[593] = 16'hb2; 
	expected_header[594] = 16'h5 ;
	expected_payload[594] = 16'ha1; 
	expected_header[595] = 16'h5 ;
	expected_payload[595] = 16'hcb; 
	expected_header[596] = 16'h15 ;
	expected_payload[596] = 16'hbad; 
	expected_header[597] = 16'h5 ;
	expected_payload[597] = 16'h25; 
	expected_header[598] = 16'h5 ;
	expected_payload[598] = 16'hea; 
	expected_header[599] = 16'h15 ;
	expected_payload[599] = 16'hbad; 
	expected_header[600] = 16'h6 ;
	expected_payload[600] = 16'h65; 
	expected_header[601] = 16'h6 ;
	expected_payload[601] = 16'hbc; 
	expected_header[602] = 16'h6 ;
	expected_payload[602] = 16'h47; 
	expected_header[603] = 16'h6 ;
	expected_payload[603] = 16'h6b; 
	expected_header[604] = 16'h6 ;
	expected_payload[604] = 16'h36; 
	expected_header[605] = 16'h6 ;
	expected_payload[605] = 16'hd1; 
	expected_header[606] = 16'h6 ;
	expected_payload[606] = 16'h1; 
	expected_header[607] = 16'h6 ;
	expected_payload[607] = 16'h92; 
	expected_header[608] = 16'h6 ;
	expected_payload[608] = 16'h3a; 
	expected_header[609] = 16'h6 ;
	expected_payload[609] = 16'h44; 
	expected_header[610] = 16'h16 ;
	expected_payload[610] = 16'hbad; 
	expected_header[611] = 16'h6 ;
	expected_payload[611] = 16'h49; 
	expected_header[612] = 16'h6 ;
	expected_payload[612] = 16'hc4; 
	expected_header[613] = 16'h6 ;
	expected_payload[613] = 16'h6e; 
	expected_header[614] = 16'h6 ;
	expected_payload[614] = 16'haa; 
	expected_header[615] = 16'h6 ;
	expected_payload[615] = 16'h7b; 
	expected_header[616] = 16'h6 ;
	expected_payload[616] = 16'h6a; 
	expected_header[617] = 16'h6 ;
	expected_payload[617] = 16'h88; 
	expected_header[618] = 16'h6 ;
	expected_payload[618] = 16'h95; 
	expected_header[619] = 16'h16 ;
	expected_payload[619] = 16'hbad; 
	expected_header[620] = 16'h6 ;
	expected_payload[620] = 16'hcc; 
	expected_header[621] = 16'h6 ;
	expected_payload[621] = 16'he8; 
	expected_header[622] = 16'h6 ;
	expected_payload[622] = 16'h9b; 
	expected_header[623] = 16'h16 ;
	expected_payload[623] = 16'hbad; 
	expected_header[624] = 16'h16 ;
	expected_payload[624] = 16'hbad; 
	expected_header[625] = 16'h6 ;
	expected_payload[625] = 16'hf2; 
	expected_header[626] = 16'h6 ;
	expected_payload[626] = 16'hb6; 
	expected_header[627] = 16'h6 ;
	expected_payload[627] = 16'hf8; 
	expected_header[628] = 16'h6 ;
	expected_payload[628] = 16'h3b; 
	expected_header[629] = 16'h6 ;
	expected_payload[629] = 16'hcc; 
	expected_header[630] = 16'h6 ;
	expected_payload[630] = 16'h9f; 
	expected_header[631] = 16'h6 ;
	expected_payload[631] = 16'h74; 
	expected_header[632] = 16'h6 ;
	expected_payload[632] = 16'h2d; 
	expected_header[633] = 16'h6 ;
	expected_payload[633] = 16'hb6; 
	expected_header[634] = 16'h16 ;
	expected_payload[634] = 16'hbad; 
	expected_header[635] = 16'h6 ;
	expected_payload[635] = 16'h17; 
	expected_header[636] = 16'h16 ;
	expected_payload[636] = 16'hbad; 
	expected_header[637] = 16'h6 ;
	expected_payload[637] = 16'hf0; 
	expected_header[638] = 16'h6 ;
	expected_payload[638] = 16'h7b; 
	expected_header[639] = 16'h6 ;
	expected_payload[639] = 16'h62; 
	expected_header[640] = 16'h6 ;
	expected_payload[640] = 16'h32; 
	expected_header[641] = 16'h6 ;
	expected_payload[641] = 16'h20; 
	expected_header[642] = 16'h6 ;
	expected_payload[642] = 16'h3b; 
	expected_header[643] = 16'h6 ;
	expected_payload[643] = 16'he1; 
	expected_header[644] = 16'h6 ;
	expected_payload[644] = 16'hfd; 
	expected_header[645] = 16'h16 ;
	expected_payload[645] = 16'hbad; 
	expected_header[646] = 16'h6 ;
	expected_payload[646] = 16'he8; 
	expected_header[647] = 16'h6 ;
	expected_payload[647] = 16'h76; 
	expected_header[648] = 16'h6 ;
	expected_payload[648] = 16'h25; 
	expected_header[649] = 16'h16 ;
	expected_payload[649] = 16'hbad; 
	expected_header[650] = 16'h16 ;
	expected_payload[650] = 16'hbad; 
	expected_header[651] = 16'h6 ;
	expected_payload[651] = 16'h32; 
	expected_header[652] = 16'h6 ;
	expected_payload[652] = 16'h65; 
	expected_header[653] = 16'h6 ;
	expected_payload[653] = 16'hc7; 
	expected_header[654] = 16'h6 ;
	expected_payload[654] = 16'hcc; 
	expected_header[655] = 16'h6 ;
	expected_payload[655] = 16'h5d; 
	expected_header[656] = 16'h6 ;
	expected_payload[656] = 16'hda; 
	expected_header[657] = 16'h16 ;
	expected_payload[657] = 16'hbad; 
	expected_header[658] = 16'h6 ;
	expected_payload[658] = 16'hf9; 
	expected_header[659] = 16'h6 ;
	expected_payload[659] = 16'h1e; 
	expected_header[660] = 16'h6 ;
	expected_payload[660] = 16'h67; 
	expected_header[661] = 16'h6 ;
	expected_payload[661] = 16'ha; 
	expected_header[662] = 16'h6 ;
	expected_payload[662] = 16'h2f; 
	expected_header[663] = 16'h16 ;
	expected_payload[663] = 16'hbad; 
	expected_header[664] = 16'h16 ;
	expected_payload[664] = 16'hbad; 
	expected_header[665] = 16'h6 ;
	expected_payload[665] = 16'h43; 
	expected_header[666] = 16'h16 ;
	expected_payload[666] = 16'hbad; 
	expected_header[667] = 16'h6 ;
	expected_payload[667] = 16'hdb; 
	expected_header[668] = 16'h6 ;
	expected_payload[668] = 16'hb4; 
	expected_header[669] = 16'h6 ;
	expected_payload[669] = 16'hbd; 
	expected_header[670] = 16'h6 ;
	expected_payload[670] = 16'hd; 
	expected_header[671] = 16'h6 ;
	expected_payload[671] = 16'hb6; 
	expected_header[672] = 16'h6 ;
	expected_payload[672] = 16'h18; 
	expected_header[673] = 16'h6 ;
	expected_payload[673] = 16'h3d; 
	expected_header[674] = 16'h6 ;
	expected_payload[674] = 16'hcd; 
	expected_header[675] = 16'h6 ;
	expected_payload[675] = 16'h32; 
	expected_header[676] = 16'h6 ;
	expected_payload[676] = 16'he8; 
	expected_header[677] = 16'h6 ;
	expected_payload[677] = 16'he4; 
	expected_header[678] = 16'h6 ;
	expected_payload[678] = 16'h1e; 
	expected_header[679] = 16'h16 ;
	expected_payload[679] = 16'hbad; 
	expected_header[680] = 16'h6 ;
	expected_payload[680] = 16'h7d; 
	expected_header[681] = 16'h6 ;
	expected_payload[681] = 16'h49; 
	expected_header[682] = 16'h16 ;
	expected_payload[682] = 16'hbad; 
	expected_header[683] = 16'h6 ;
	expected_payload[683] = 16'h31; 
	expected_header[684] = 16'h6 ;
	expected_payload[684] = 16'he8; 
	expected_header[685] = 16'h6 ;
	expected_payload[685] = 16'hfa; 
	expected_header[686] = 16'h6 ;
	expected_payload[686] = 16'h39; 
	expected_header[687] = 16'h6 ;
	expected_payload[687] = 16'h53; 
	expected_header[688] = 16'h6 ;
	expected_payload[688] = 16'h3d; 
	expected_header[689] = 16'h16 ;
	expected_payload[689] = 16'hbad; 
	expected_header[690] = 16'h6 ;
	expected_payload[690] = 16'hd6; 
	expected_header[691] = 16'h6 ;
	expected_payload[691] = 16'h4; 
	expected_header[692] = 16'h6 ;
	expected_payload[692] = 16'hea; 
	expected_header[693] = 16'h6 ;
	expected_payload[693] = 16'h87; 
	expected_header[694] = 16'h16 ;
	expected_payload[694] = 16'hbad; 
	expected_header[695] = 16'h6 ;
	expected_payload[695] = 16'h32; 
	expected_header[696] = 16'h16 ;
	expected_payload[696] = 16'hbad; 
	expected_header[697] = 16'h16 ;
	expected_payload[697] = 16'hbad; 
	expected_header[698] = 16'h6 ;
	expected_payload[698] = 16'h3c; 
	expected_header[699] = 16'h6 ;
	expected_payload[699] = 16'hb0; 
	expected_header[700] = 16'h7 ;
	expected_payload[700] = 16'hf7; 
	expected_header[701] = 16'h7 ;
	expected_payload[701] = 16'hce; 
	expected_header[702] = 16'h7 ;
	expected_payload[702] = 16'hb5; 
	expected_header[703] = 16'h7 ;
	expected_payload[703] = 16'ha4; 
	expected_header[704] = 16'h7 ;
	expected_payload[704] = 16'h22; 
	expected_header[705] = 16'h7 ;
	expected_payload[705] = 16'h57; 
	expected_header[706] = 16'h7 ;
	expected_payload[706] = 16'hec; 
	expected_header[707] = 16'h7 ;
	expected_payload[707] = 16'hf1; 
	expected_header[708] = 16'h7 ;
	expected_payload[708] = 16'h8b; 
	expected_header[709] = 16'h7 ;
	expected_payload[709] = 16'ha9; 
	expected_header[710] = 16'h7 ;
	expected_payload[710] = 16'he2; 
	expected_header[711] = 16'h7 ;
	expected_payload[711] = 16'h14; 
	expected_header[712] = 16'h17 ;
	expected_payload[712] = 16'hbad; 
	expected_header[713] = 16'h17 ;
	expected_payload[713] = 16'hbad; 
	expected_header[714] = 16'h7 ;
	expected_payload[714] = 16'hef; 
	expected_header[715] = 16'h17 ;
	expected_payload[715] = 16'hbad; 
	expected_header[716] = 16'h17 ;
	expected_payload[716] = 16'hbad; 
	expected_header[717] = 16'h17 ;
	expected_payload[717] = 16'hbad; 
	expected_header[718] = 16'h7 ;
	expected_payload[718] = 16'h1a; 
	expected_header[719] = 16'h17 ;
	expected_payload[719] = 16'hbad; 
	expected_header[720] = 16'h7 ;
	expected_payload[720] = 16'h74; 
	expected_header[721] = 16'h7 ;
	expected_payload[721] = 16'hc; 
	expected_header[722] = 16'h7 ;
	expected_payload[722] = 16'h97; 
	expected_header[723] = 16'h7 ;
	expected_payload[723] = 16'h50; 
	expected_header[724] = 16'h7 ;
	expected_payload[724] = 16'h33; 
	expected_header[725] = 16'h7 ;
	expected_payload[725] = 16'h14; 
	expected_header[726] = 16'h7 ;
	expected_payload[726] = 16'h58; 
	expected_header[727] = 16'h7 ;
	expected_payload[727] = 16'he5; 
	expected_header[728] = 16'h7 ;
	expected_payload[728] = 16'hbc; 
	expected_header[729] = 16'h7 ;
	expected_payload[729] = 16'h8b; 
	expected_header[730] = 16'h7 ;
	expected_payload[730] = 16'h4c; 
	expected_header[731] = 16'h7 ;
	expected_payload[731] = 16'hb8; 
	expected_header[732] = 16'h7 ;
	expected_payload[732] = 16'ha2; 
	expected_header[733] = 16'h7 ;
	expected_payload[733] = 16'ha6; 
	expected_header[734] = 16'h17 ;
	expected_payload[734] = 16'hbad; 
	expected_header[735] = 16'h7 ;
	expected_payload[735] = 16'h97; 
	expected_header[736] = 16'h17 ;
	expected_payload[736] = 16'hbad; 
	expected_header[737] = 16'h17 ;
	expected_payload[737] = 16'hbad; 
	expected_header[738] = 16'h7 ;
	expected_payload[738] = 16'h2f; 
	expected_header[739] = 16'h7 ;
	expected_payload[739] = 16'hf; 
	expected_header[740] = 16'h7 ;
	expected_payload[740] = 16'he5; 
	expected_header[741] = 16'h17 ;
	expected_payload[741] = 16'hbad; 
	expected_header[742] = 16'h7 ;
	expected_payload[742] = 16'h65; 
	expected_header[743] = 16'h7 ;
	expected_payload[743] = 16'h55; 
	expected_header[744] = 16'h7 ;
	expected_payload[744] = 16'h14; 
	expected_header[745] = 16'h7 ;
	expected_payload[745] = 16'h61; 
	expected_header[746] = 16'h17 ;
	expected_payload[746] = 16'hbad; 
	expected_header[747] = 16'h7 ;
	expected_payload[747] = 16'hef; 
	expected_header[748] = 16'h7 ;
	expected_payload[748] = 16'hdb; 
	expected_header[749] = 16'h7 ;
	expected_payload[749] = 16'ha6; 
	expected_header[750] = 16'h17 ;
	expected_payload[750] = 16'hbad; 
	expected_header[751] = 16'h7 ;
	expected_payload[751] = 16'ha3; 
	expected_header[752] = 16'h7 ;
	expected_payload[752] = 16'h1a; 
	expected_header[753] = 16'h7 ;
	expected_payload[753] = 16'h9b; 
	expected_header[754] = 16'h7 ;
	expected_payload[754] = 16'h97; 
	expected_header[755] = 16'h7 ;
	expected_payload[755] = 16'hd6; 
	expected_header[756] = 16'h7 ;
	expected_payload[756] = 16'hcc; 
	expected_header[757] = 16'h7 ;
	expected_payload[757] = 16'he7; 
	expected_header[758] = 16'h7 ;
	expected_payload[758] = 16'h4c; 
	expected_header[759] = 16'h17 ;
	expected_payload[759] = 16'hbad; 
	expected_header[760] = 16'h7 ;
	expected_payload[760] = 16'h55; 
	expected_header[761] = 16'h7 ;
	expected_payload[761] = 16'h14; 
	expected_header[762] = 16'h17 ;
	expected_payload[762] = 16'hbad; 
	expected_header[763] = 16'h17 ;
	expected_payload[763] = 16'hbad; 
	expected_header[764] = 16'h17 ;
	expected_payload[764] = 16'hbad; 
	expected_header[765] = 16'h7 ;
	expected_payload[765] = 16'h37; 
	expected_header[766] = 16'h7 ;
	expected_payload[766] = 16'hf4; 
	expected_header[767] = 16'h17 ;
	expected_payload[767] = 16'hbad; 
	expected_header[768] = 16'h7 ;
	expected_payload[768] = 16'hd7; 
	expected_header[769] = 16'h7 ;
	expected_payload[769] = 16'hec; 
	expected_header[770] = 16'h7 ;
	expected_payload[770] = 16'hb5; 
	expected_header[771] = 16'h7 ;
	expected_payload[771] = 16'ha4; 
	expected_header[772] = 16'h7 ;
	expected_payload[772] = 16'h9f; 
	expected_header[773] = 16'h7 ;
	expected_payload[773] = 16'h37; 
	expected_header[774] = 16'h7 ;
	expected_payload[774] = 16'hfc; 
	expected_header[775] = 16'h7 ;
	expected_payload[775] = 16'h5; 
	expected_header[776] = 16'h7 ;
	expected_payload[776] = 16'h2a; 
	expected_header[777] = 16'h7 ;
	expected_payload[777] = 16'hb9; 
	expected_header[778] = 16'h7 ;
	expected_payload[778] = 16'h25; 
	expected_header[779] = 16'h7 ;
	expected_payload[779] = 16'h48; 
	expected_header[780] = 16'h7 ;
	expected_payload[780] = 16'h48; 
	expected_header[781] = 16'h7 ;
	expected_payload[781] = 16'h11; 
	expected_header[782] = 16'h7 ;
	expected_payload[782] = 16'h45; 
	expected_header[783] = 16'h7 ;
	expected_payload[783] = 16'hc6; 
	expected_header[784] = 16'h7 ;
	expected_payload[784] = 16'hc5; 
	expected_header[785] = 16'h7 ;
	expected_payload[785] = 16'hb9; 
	expected_header[786] = 16'h7 ;
	expected_payload[786] = 16'h9a; 
	expected_header[787] = 16'h17 ;
	expected_payload[787] = 16'hbad; 
	expected_header[788] = 16'h7 ;
	expected_payload[788] = 16'hd4; 
	expected_header[789] = 16'h17 ;
	expected_payload[789] = 16'hbad; 
	expected_header[790] = 16'h7 ;
	expected_payload[790] = 16'h1a; 
	expected_header[791] = 16'h7 ;
	expected_payload[791] = 16'he; 
	expected_header[792] = 16'h7 ;
	expected_payload[792] = 16'hfb; 
	expected_header[793] = 16'h7 ;
	expected_payload[793] = 16'h51; 
	expected_header[794] = 16'h7 ;
	expected_payload[794] = 16'h25; 
	expected_header[795] = 16'h7 ;
	expected_payload[795] = 16'h1e; 
	expected_header[796] = 16'h7 ;
	expected_payload[796] = 16'h33; 
	expected_header[797] = 16'h7 ;
	expected_payload[797] = 16'h58; 
	expected_header[798] = 16'h7 ;
	expected_payload[798] = 16'hb9; 
	expected_header[799] = 16'h7 ;
	expected_payload[799] = 16'h24; 
	expected_header[800] = 16'h8 ;
	expected_payload[800] = 16'h2; 
	expected_header[801] = 16'h8 ;
	expected_payload[801] = 16'h3; 
	expected_header[802] = 16'h8 ;
	expected_payload[802] = 16'h1; 
	expected_header[803] = 16'h8 ;
	expected_payload[803] = 16'h4; 
	expected_header[804] = 16'h8 ;
	expected_payload[804] = 16'h6; 
	expected_header[805] = 16'h8 ;
	expected_payload[805] = 16'hf; 
	expected_header[806] = 16'h8 ;
	expected_payload[806] = 16'hf; 
	expected_header[807] = 16'h8 ;
	expected_payload[807] = 16'h1; 
	expected_header[808] = 16'h8 ;
	expected_payload[808] = 16'h7; 
	expected_header[809] = 16'h8 ;
	expected_payload[809] = 16'h3; 
	expected_header[810] = 16'h8 ;
	expected_payload[810] = 16'h7; 
	expected_header[811] = 16'h8 ;
	expected_payload[811] = 16'h2; 
	expected_header[812] = 16'h18 ;
	expected_payload[812] = 16'hbad; 
	expected_header[813] = 16'h8 ;
	expected_payload[813] = 16'h74; 
	expected_header[814] = 16'h8 ;
	expected_payload[814] = 16'h1; 
	expected_header[815] = 16'h18 ;
	expected_payload[815] = 16'hbad; 
	expected_header[816] = 16'h8 ;
	expected_payload[816] = 16'h5; 
	expected_header[817] = 16'h8 ;
	expected_payload[817] = 16'h7; 
	expected_header[818] = 16'h18 ;
	expected_payload[818] = 16'hbad; 
	expected_header[819] = 16'h8 ;
	expected_payload[819] = 16'h7; 
	expected_header[820] = 16'h8 ;
	expected_payload[820] = 16'h2e; 
	expected_header[821] = 16'h8 ;
	expected_payload[821] = 16'h0; 
	expected_header[822] = 16'h8 ;
	expected_payload[822] = 16'h3; 
	expected_header[823] = 16'h8 ;
	expected_payload[823] = 16'h0; 
	expected_header[824] = 16'h8 ;
	expected_payload[824] = 16'h34; 
	expected_header[825] = 16'h8 ;
	expected_payload[825] = 16'hed; 
	expected_header[826] = 16'h8 ;
	expected_payload[826] = 16'hb3; 
	expected_header[827] = 16'h8 ;
	expected_payload[827] = 16'h2; 
	expected_header[828] = 16'h18 ;
	expected_payload[828] = 16'hbad; 
	expected_header[829] = 16'h18 ;
	expected_payload[829] = 16'hbad; 
	expected_header[830] = 16'h8 ;
	expected_payload[830] = 16'h1c; 
	expected_header[831] = 16'h18 ;
	expected_payload[831] = 16'hbad; 
	expected_header[832] = 16'h8 ;
	expected_payload[832] = 16'h5a; 
	expected_header[833] = 16'h18 ;
	expected_payload[833] = 16'hbad; 
	expected_header[834] = 16'h8 ;
	expected_payload[834] = 16'h39; 
	expected_header[835] = 16'h8 ;
	expected_payload[835] = 16'h95; 
	expected_header[836] = 16'h8 ;
	expected_payload[836] = 16'h46; 
	expected_header[837] = 16'h8 ;
	expected_payload[837] = 16'h1e; 
	expected_header[838] = 16'h8 ;
	expected_payload[838] = 16'h31; 
	expected_header[839] = 16'h8 ;
	expected_payload[839] = 16'hec; 
	expected_header[840] = 16'h8 ;
	expected_payload[840] = 16'h7; 
	expected_header[841] = 16'h8 ;
	expected_payload[841] = 16'h0; 
	expected_header[842] = 16'h8 ;
	expected_payload[842] = 16'h2; 
	expected_header[843] = 16'h8 ;
	expected_payload[843] = 16'h6; 
	expected_header[844] = 16'h8 ;
	expected_payload[844] = 16'h1; 
	expected_header[845] = 16'h8 ;
	expected_payload[845] = 16'h5; 
	expected_header[846] = 16'h18 ;
	expected_payload[846] = 16'hbad; 
	expected_header[847] = 16'h8 ;
	expected_payload[847] = 16'hb7; 
	expected_header[848] = 16'h8 ;
	expected_payload[848] = 16'h7; 
	expected_header[849] = 16'h8 ;
	expected_payload[849] = 16'h39; 
	expected_header[850] = 16'h8 ;
	expected_payload[850] = 16'hd; 
	expected_header[851] = 16'h8 ;
	expected_payload[851] = 16'h7; 
	expected_header[852] = 16'h8 ;
	expected_payload[852] = 16'h1d; 
	expected_header[853] = 16'h8 ;
	expected_payload[853] = 16'h3; 
	expected_header[854] = 16'h8 ;
	expected_payload[854] = 16'h34; 
	expected_header[855] = 16'h8 ;
	expected_payload[855] = 16'h17; 
	expected_header[856] = 16'h8 ;
	expected_payload[856] = 16'h8; 
	expected_header[857] = 16'h8 ;
	expected_payload[857] = 16'h2; 
	expected_header[858] = 16'h18 ;
	expected_payload[858] = 16'hbad; 
	expected_header[859] = 16'h8 ;
	expected_payload[859] = 16'h13; 
	expected_header[860] = 16'h18 ;
	expected_payload[860] = 16'hbad; 
	expected_header[861] = 16'h8 ;
	expected_payload[861] = 16'h1f; 
	expected_header[862] = 16'h8 ;
	expected_payload[862] = 16'h4; 
	expected_header[863] = 16'h8 ;
	expected_payload[863] = 16'h6; 
	expected_header[864] = 16'h8 ;
	expected_payload[864] = 16'h0; 
	expected_header[865] = 16'h8 ;
	expected_payload[865] = 16'h9; 
	expected_header[866] = 16'h8 ;
	expected_payload[866] = 16'h7; 
	expected_header[867] = 16'h8 ;
	expected_payload[867] = 16'h3; 
	expected_header[868] = 16'h8 ;
	expected_payload[868] = 16'h3; 
	expected_header[869] = 16'h8 ;
	expected_payload[869] = 16'h7; 
	expected_header[870] = 16'h18 ;
	expected_payload[870] = 16'hbad; 
	expected_header[871] = 16'h8 ;
	expected_payload[871] = 16'h3; 
	expected_header[872] = 16'h8 ;
	expected_payload[872] = 16'h1; 
	expected_header[873] = 16'h8 ;
	expected_payload[873] = 16'h1; 
	expected_header[874] = 16'h8 ;
	expected_payload[874] = 16'h2; 
	expected_header[875] = 16'h8 ;
	expected_payload[875] = 16'h1c; 
	expected_header[876] = 16'h8 ;
	expected_payload[876] = 16'h17; 
	expected_header[877] = 16'h8 ;
	expected_payload[877] = 16'hc; 
	expected_header[878] = 16'h8 ;
	expected_payload[878] = 16'h0; 
	expected_header[879] = 16'h8 ;
	expected_payload[879] = 16'h2b; 
	expected_header[880] = 16'h8 ;
	expected_payload[880] = 16'hc; 
	expected_header[881] = 16'h8 ;
	expected_payload[881] = 16'h12; 
	expected_header[882] = 16'h8 ;
	expected_payload[882] = 16'h1e; 
	expected_header[883] = 16'h8 ;
	expected_payload[883] = 16'h3; 
	expected_header[884] = 16'h8 ;
	expected_payload[884] = 16'h18; 
	expected_header[885] = 16'h8 ;
	expected_payload[885] = 16'h3c; 
	expected_header[886] = 16'h18 ;
	expected_payload[886] = 16'hbad; 
	expected_header[887] = 16'h8 ;
	expected_payload[887] = 16'h79; 
	expected_header[888] = 16'h8 ;
	expected_payload[888] = 16'h3; 
	expected_header[889] = 16'h8 ;
	expected_payload[889] = 16'h6e; 
	expected_header[890] = 16'h8 ;
	expected_payload[890] = 16'h75; 
	expected_header[891] = 16'h8 ;
	expected_payload[891] = 16'h2b; 
	expected_header[892] = 16'h8 ;
	expected_payload[892] = 16'h3; 
	expected_header[893] = 16'h18 ;
	expected_payload[893] = 16'hbad; 
	expected_header[894] = 16'h8 ;
	expected_payload[894] = 16'h55; 
	expected_header[895] = 16'h18 ;
	expected_payload[895] = 16'hbad; 
	expected_header[896] = 16'h8 ;
	expected_payload[896] = 16'h3; 
	expected_header[897] = 16'h18 ;
	expected_payload[897] = 16'hbad; 
	expected_header[898] = 16'h8 ;
	expected_payload[898] = 16'h15; 
	expected_header[899] = 16'h18 ;
	expected_payload[899] = 16'hbad; 
	expected_header[900] = 16'h9 ;
	expected_payload[900] = 16'he4; 
	expected_header[901] = 16'h9 ;
	expected_payload[901] = 16'he0; 
	expected_header[902] = 16'h9 ;
	expected_payload[902] = 16'hf0; 
	expected_header[903] = 16'h9 ;
	expected_payload[903] = 16'h48; 
	expected_header[904] = 16'h9 ;
	expected_payload[904] = 16'h50; 
	expected_header[905] = 16'h9 ;
	expected_payload[905] = 16'hb0; 
	expected_header[906] = 16'h9 ;
	expected_payload[906] = 16'h96; 
	expected_header[907] = 16'h9 ;
	expected_payload[907] = 16'h0; 
	expected_header[908] = 16'h9 ;
	expected_payload[908] = 16'hc0; 
	expected_header[909] = 16'h9 ;
	expected_payload[909] = 16'h0; 
	expected_header[910] = 16'h9 ;
	expected_payload[910] = 16'h79; 
	expected_header[911] = 16'h19 ;
	expected_payload[911] = 16'hbad; 
	expected_header[912] = 16'h19 ;
	expected_payload[912] = 16'hbad; 
	expected_header[913] = 16'h19 ;
	expected_payload[913] = 16'hbad; 
	expected_header[914] = 16'h9 ;
	expected_payload[914] = 16'h60; 
	expected_header[915] = 16'h19 ;
	expected_payload[915] = 16'hbad; 
	expected_header[916] = 16'h19 ;
	expected_payload[916] = 16'hbad; 
	expected_header[917] = 16'h9 ;
	expected_payload[917] = 16'h4a; 
	expected_header[918] = 16'h9 ;
	expected_payload[918] = 16'h3c; 
	expected_header[919] = 16'h9 ;
	expected_payload[919] = 16'h7b; 
	expected_header[920] = 16'h9 ;
	expected_payload[920] = 16'hbf; 
	expected_header[921] = 16'h9 ;
	expected_payload[921] = 16'h0; 
	expected_header[922] = 16'h19 ;
	expected_payload[922] = 16'hbad; 
	expected_header[923] = 16'h9 ;
	expected_payload[923] = 16'hc2; 
	expected_header[924] = 16'h19 ;
	expected_payload[924] = 16'hbad; 
	expected_header[925] = 16'h19 ;
	expected_payload[925] = 16'hbad; 
	expected_header[926] = 16'h19 ;
	expected_payload[926] = 16'hbad; 
	expected_header[927] = 16'h9 ;
	expected_payload[927] = 16'hca; 
	expected_header[928] = 16'h9 ;
	expected_payload[928] = 16'h60; 
	expected_header[929] = 16'h9 ;
	expected_payload[929] = 16'h24; 
	expected_header[930] = 16'h9 ;
	expected_payload[930] = 16'he0; 
	expected_header[931] = 16'h9 ;
	expected_payload[931] = 16'h40; 
	expected_header[932] = 16'h9 ;
	expected_payload[932] = 16'h41; 
	expected_header[933] = 16'h9 ;
	expected_payload[933] = 16'h0; 
	expected_header[934] = 16'h9 ;
	expected_payload[934] = 16'h0; 
	expected_header[935] = 16'h19 ;
	expected_payload[935] = 16'hbad; 
	expected_header[936] = 16'h9 ;
	expected_payload[936] = 16'h50; 
	expected_header[937] = 16'h9 ;
	expected_payload[937] = 16'h60; 
	expected_header[938] = 16'h9 ;
	expected_payload[938] = 16'h94; 
	expected_header[939] = 16'h9 ;
	expected_payload[939] = 16'h11; 
	expected_header[940] = 16'h9 ;
	expected_payload[940] = 16'h0; 
	expected_header[941] = 16'h9 ;
	expected_payload[941] = 16'h36; 
	expected_header[942] = 16'h9 ;
	expected_payload[942] = 16'h80; 
	expected_header[943] = 16'h19 ;
	expected_payload[943] = 16'hbad; 
	expected_header[944] = 16'h9 ;
	expected_payload[944] = 16'hb2; 
	expected_header[945] = 16'h9 ;
	expected_payload[945] = 16'hc9; 
	expected_header[946] = 16'h9 ;
	expected_payload[946] = 16'h0; 
	expected_header[947] = 16'h9 ;
	expected_payload[947] = 16'h50; 
	expected_header[948] = 16'h9 ;
	expected_payload[948] = 16'hc0; 
	expected_header[949] = 16'h9 ;
	expected_payload[949] = 16'h60; 
	expected_header[950] = 16'h9 ;
	expected_payload[950] = 16'h40; 
	expected_header[951] = 16'h9 ;
	expected_payload[951] = 16'hc0; 
	expected_header[952] = 16'h9 ;
	expected_payload[952] = 16'he0; 
	expected_header[953] = 16'h9 ;
	expected_payload[953] = 16'he0; 
	expected_header[954] = 16'h9 ;
	expected_payload[954] = 16'hef; 
	expected_header[955] = 16'h9 ;
	expected_payload[955] = 16'ha; 
	expected_header[956] = 16'h9 ;
	expected_payload[956] = 16'h60; 
	expected_header[957] = 16'h9 ;
	expected_payload[957] = 16'h4a; 
	expected_header[958] = 16'h19 ;
	expected_payload[958] = 16'hbad; 
	expected_header[959] = 16'h9 ;
	expected_payload[959] = 16'h11; 
	expected_header[960] = 16'h9 ;
	expected_payload[960] = 16'hd8; 
	expected_header[961] = 16'h19 ;
	expected_payload[961] = 16'hbad; 
	expected_header[962] = 16'h19 ;
	expected_payload[962] = 16'hbad; 
	expected_header[963] = 16'h9 ;
	expected_payload[963] = 16'h80; 
	expected_header[964] = 16'h9 ;
	expected_payload[964] = 16'he2; 
	expected_header[965] = 16'h19 ;
	expected_payload[965] = 16'hbad; 
	expected_header[966] = 16'h9 ;
	expected_payload[966] = 16'h0; 
	expected_header[967] = 16'h9 ;
	expected_payload[967] = 16'h20; 
	expected_header[968] = 16'h9 ;
	expected_payload[968] = 16'ha8; 
	expected_header[969] = 16'h9 ;
	expected_payload[969] = 16'h5e; 
	expected_header[970] = 16'h9 ;
	expected_payload[970] = 16'hb0; 
	expected_header[971] = 16'h9 ;
	expected_payload[971] = 16'ha1; 
	expected_header[972] = 16'h9 ;
	expected_payload[972] = 16'h6c; 
	expected_header[973] = 16'h19 ;
	expected_payload[973] = 16'hbad; 
	expected_header[974] = 16'h9 ;
	expected_payload[974] = 16'hc0; 
	expected_header[975] = 16'h9 ;
	expected_payload[975] = 16'h80; 
	expected_header[976] = 16'h9 ;
	expected_payload[976] = 16'h8c; 
	expected_header[977] = 16'h9 ;
	expected_payload[977] = 16'h98; 
	expected_header[978] = 16'h9 ;
	expected_payload[978] = 16'h80; 
	expected_header[979] = 16'h9 ;
	expected_payload[979] = 16'h80; 
	expected_header[980] = 16'h9 ;
	expected_payload[980] = 16'h40; 
	expected_header[981] = 16'h9 ;
	expected_payload[981] = 16'hb0; 
	expected_header[982] = 16'h19 ;
	expected_payload[982] = 16'hbad; 
	expected_header[983] = 16'h19 ;
	expected_payload[983] = 16'hbad; 
	expected_header[984] = 16'h9 ;
	expected_payload[984] = 16'hd8; 
	expected_header[985] = 16'h19 ;
	expected_payload[985] = 16'hbad; 
	expected_header[986] = 16'h9 ;
	expected_payload[986] = 16'h0; 
	expected_header[987] = 16'h9 ;
	expected_payload[987] = 16'h80; 
	expected_header[988] = 16'h19 ;
	expected_payload[988] = 16'hbad; 
	expected_header[989] = 16'h9 ;
	expected_payload[989] = 16'hc0; 
	expected_header[990] = 16'h9 ;
	expected_payload[990] = 16'h3b; 
	expected_header[991] = 16'h9 ;
	expected_payload[991] = 16'h1f; 
	expected_header[992] = 16'h19 ;
	expected_payload[992] = 16'hbad; 
	expected_header[993] = 16'h19 ;
	expected_payload[993] = 16'hbad; 
	expected_header[994] = 16'h9 ;
	expected_payload[994] = 16'h0; 
	expected_header[995] = 16'h9 ;
	expected_payload[995] = 16'h80; 
	expected_header[996] = 16'h9 ;
	expected_payload[996] = 16'h3d; 
	expected_header[997] = 16'h9 ;
	expected_payload[997] = 16'h10; 
	expected_header[998] = 16'h19 ;
	expected_payload[998] = 16'hbad; 
	expected_header[999] = 16'h9 ;
	expected_payload[999] = 16'h80; 


end